<?xml version="1.0" encoding="UTF-8"?>
<testng-results ignored="0" total="1" passed="1" failed="0" skipped="0">
  <reporter-output>
  </reporter-output>
  <suite started-at="2025-11-13T10:29:35 IST" name="Surefire suite" finished-at="2025-11-13T10:29:42 IST" duration-ms="7075">
    <groups>
    </groups>
    <test started-at="2025-11-13T10:29:35 IST" name="Surefire test" finished-at="2025-11-13T10:29:42 IST" duration-ms="7075">
      <class name="com.example.tests.SampleSeleniumTest">
        <test-method is-config="true" signature="setUp()[pri:0, instance:com.example.tests.SampleSeleniumTest@4d02f94e]" started-at="2025-11-13T10:29:35 IST" name="setUp" finished-at="2025-11-13T10:29:42 IST" duration-ms="6635" status="PASS">
          <reporter-output>
          </reporter-output>
        </test-method> <!-- setUp -->
        <test-method signature="testGreetingFunctionality()[pri:0, instance:com.example.tests.SampleSeleniumTest@4d02f94e]" started-at="2025-11-13T10:29:42 IST" name="testGreetingFunctionality" finished-at="2025-11-13T10:29:42 IST" duration-ms="256" status="PASS">
          <reporter-output>
          </reporter-output>
        </test-method> <!-- testGreetingFunctionality -->
        <test-method is-config="true" signature="tearDown()[pri:0, instance:com.example.tests.SampleSeleniumTest@4d02f94e]" started-at="2025-11-13T10:29:42 IST" name="tearDown" finished-at="2025-11-13T10:29:42 IST" duration-ms="144" status="PASS">
          <reporter-output>
          </reporter-output>
        </test-method> <!-- tearDown -->
      </class> <!-- com.example.tests.SampleSeleniumTest -->
    </test> <!-- Surefire test -->
  </suite> <!-- Surefire suite -->
</testng-results>
